-------------------------------------------------------------------------------
Test set: TestSuite
-------------------------------------------------------------------------------
Tests run: 5, Failures: 1, Errors: 0, Skipped: 0, Time elapsed: 94.463 s <<< FAILURE! - in TestSuite
TextValidation.TextValidate.Validation  Time elapsed: 1.648 s  <<< FAILURE!
java.lang.AssertionError: expected [Selectour address] but found [Select your address]
	at TextValidation.TextValidate.Validation(TextValidate.java:38)

