<?xml version="1.0" encoding="UTF-8"?>
<!-- Generated by org.testng.reporters.JUnitXMLReporter -->
<testsuite ignored="0" hostname="MT-PG02HEP4" failures="1" tests="5" name="Test" time="92.585" errors="0" timestamp="2021-10-27T12:49:37 IST">
  <testcase classname="TextValidation.TextValidate" name="Validation" time="0.313">
    <failure type="java.lang.AssertionError" message="expected [Selectour address] but found [Select your address]">
      <![CDATA[java.lang.AssertionError: expected [Selectour address] but found [Select your address]
at TextValidation.TextValidate.Validation(TextValidate.java:38)
at java.base/java.util.ArrayList.forEach(ArrayList.java:1541)
... Removed 38 stack frames]]>
    </failure>
  </testcase> <!-- Validation -->
  <testcase classname="SearchTest.searching" name="srtest" time="3.368"/>
  <testcase classname="SearchTest.searching" name="srtest" time="5.883"/>
  <testcase classname="presettest.settingtest" name="browseropening" time="12.198"/>
  <testcase classname="presettest.settingtest" name="browseropening" time="11.92"/>
</testsuite> <!-- Test -->
